#
# There is insufficient memory for the Java Runtime Environment to continue.
# Native memory allocation (mmap) failed to map 4161536 bytes for G1 virtual space
# Possible reasons:
#   The system is out of physical RAM or swap space
#   The process is running with CompressedOops enabled, and the Java Heap may be blocking the growth of the native heap
# Possible solutions:
#   Reduce memory load on the system
#   Increase physical memory or swap space
#   Check if swap backing store is full
#   Decrease Java heap size (-Xmx/-Xms)
#   Decrease number of Java threads
#   Decrease Java thread stack sizes (-Xss)
#   Set larger code cache with -XX:ReservedCodeCacheSize=
#   JVM is running with Zero Based Compressed Oops mode in which the Java heap is
#     placed in the first 32GB address space. The Java Heap base address is the
#     maximum limit for the native heap growth. Please use -XX:HeapBaseMinAddress
#     to set the Java Heap base and to place the Java Heap above 32GB virtual address.
# This output file may be truncated or incomplete.
#
#  Out of Memory Error (os_windows.cpp:3613), pid=8780, tid=16960
#
# JRE version:  (17.0.9+9) (build )
# Java VM: OpenJDK 64-Bit Server VM (17.0.9+9, mixed mode, sharing, tiered, compressed oops, compressed class ptrs, g1 gc, windows-amd64)
# No core dump will be written. Minidumps are not enabled by default on client versions of Windows
#

---------------  S U M M A R Y ------------

Command Line: -Dfile.encoding=utf-8 -Dstdout.encoding=utf-8 -Dstderr.encoding=utf-8 -XX:+ShowCodeDetailsInExceptionMessages mvc.WrapperClass

Host: 11th Gen Intel(R) Core(TM) i7-1165G7 @ 2.80GHz, 8 cores, 15G,  Windows 10 , 64 bit Build 19041 (10.0.19041.3636)
Time: Mon Mar 11 22:42:01 2024  Windows 10 , 64 bit Build 19041 (10.0.19041.3636) elapsed time: 0.011132 seconds (0d 0h 0m 0s)

---------------  T H R E A D  ---------------

Current thread (0x000001a484887030):  JavaThread "Unknown thread" [_thread_in_vm, id=16960, stack(0x0000002a05c00000,0x0000002a05d00000)]

Stack: [0x0000002a05c00000,0x0000002a05d00000]
Native frames: (J=compiled Java code, j=interpreted, Vv=VM code, C=native code)
V  [jvm.dll+0x67cf49]
V  [jvm.dll+0x83478a]
V  [jvm.dll+0x83624e]
V  [jvm.dll+0x8368b3]
V  [jvm.dll+0x247f1f]
V  [jvm.dll+0x679d69]
V  [jvm.dll+0x66e6ba]
V  [jvm.dll+0x307e5b]
V  [jvm.dll+0x30f306]
V  [jvm.dll+0x35f0f8]
V  [jvm.dll+0x35f2ff]
V  [jvm.dll+0x2dea58]
V  [jvm.dll+0x2df9c4]
V  [jvm.dll+0x806031]
V  [jvm.dll+0x36cf31]
V  [jvm.dll+0x7e4aac]
V  [jvm.dll+0x3f07af]
V  [jvm.dll+0x3f23e1]
C  [jli.dll+0x528f]
C  [ucrtbase.dll+0x21bb2]
C  [KERNEL32.DLL+0x17344]
C  [ntdll.dll+0x526b1]


---------------  P R O C E S S  ---------------

Threads class SMR info:
_java_thread_list=0x00007ffcb9e2ee98, length=0, elements={
}

Java Threads: ( => current thread )

Other Threads:
  0x000001a4848f1310 GCTaskThread "GC Thread#0" [stack: 0x0000002a05d00000,0x0000002a05e00000] [id=10600]
  0x000001a4849054a0 ConcurrentGCThread "G1 Main Marker" [stack: 0x0000002a05e00000,0x0000002a05f00000] [id=17136]
  0x000001a484905c70 ConcurrentGCThread "G1 Conc#0" [stack: 0x0000002a05f00000,0x0000002a06000000] [id=3340]

[error occurred during error reporting (printing all threads), id 0xc0000005, EXCEPTION_ACCESS_VIOLATION (0xc0000005) at pc=0x00007ffcb95ef497]

VM state: not at safepoint (not fully initialized)

VM Mutex/Monitor currently owned by a thread:  ([mutex/lock_event])
[0x000001a484881fc0] Heap_lock - owner thread: 0x000001a484887030

Heap address: 0x0000000703200000, size: 4046 MB, Compressed Oops mode: Zero based, Oop shift amount: 3

CDS archive(s) mapped at: [0x0000000000000000-0x0000000000000000-0x0000000000000000), size 0, SharedBaseAddress: 0x0000000800000000, ArchiveRelocationMode: 1.
Narrow klass base: 0x0000000000000000, Narrow klass shift: 0, Narrow klass range: 0x0

GC Precious Log:
<Empty>

Heap:
 garbage-first heap   total 0K, used 0K [0x0000000703200000, 0x0000000800000000)
  region size 2048K, 0 young (0K), 0 survivors (0K)

[error occurred during error reporting (printing heap information), id 0xc0000005, EXCEPTION_ACCESS_VIOLATION (0xc0000005) at pc=0x00007ffcb99d6c79]

GC Heap History (0 events):
No events

Dll operation events (1 events):
Event: 0.007 Loaded shared library C:\Users\jooyeon\Documents\2024_수업준비\tools\ee\eclipse\plugins\org.eclipse.justj.openjdk.hotspot.jre.full.win32.x86_64_17.0.9.v20231028-0858\jre\bin\java.dll

Deoptimization events (0 events):
No events

Classes unloaded (0 events):
No events

Classes redefined (0 events):
No events

Internal exceptions (0 events):
No events

VM Operations (0 events):
No events

Events (0 events):
No events


Dynamic libraries:
0x00007ff6f1ba0000 - 0x00007ff6f1bae000 	C:\Users\jooyeon\Documents\2024_수업준비\tools\ee\eclipse\plugins\org.eclipse.justj.openjdk.hotspot.jre.full.win32.x86_64_17.0.9.v20231028-0858\jre\bin\javaw.exe
0x00007ffd15090000 - 0x00007ffd15288000 	C:\Windows\SYSTEM32\ntdll.dll
0x00007ffd13730000 - 0x00007ffd137ed000 	C:\Windows\System32\KERNEL32.DLL
0x00007ffd12a30000 - 0x00007ffd12d26000 	C:\Windows\System32\KERNELBASE.dll
0x00007ffd12ea0000 - 0x00007ffd12fa0000 	C:\Windows\System32\ucrtbase.dll
0x00007ffd09d70000 - 0x00007ffd09d87000 	C:\Users\jooyeon\Documents\2024_수업준비\tools\ee\eclipse\plugins\org.eclipse.justj.openjdk.hotspot.jre.full.win32.x86_64_17.0.9.v20231028-0858\jre\bin\jli.dll
0x00007ffcfb8e0000 - 0x00007ffcfb8fb000 	C:\Users\jooyeon\Documents\2024_수업준비\tools\ee\eclipse\plugins\org.eclipse.justj.openjdk.hotspot.jre.full.win32.x86_64_17.0.9.v20231028-0858\jre\bin\VCRUNTIME140.dll
0x00007ffd148e0000 - 0x00007ffd14a7e000 	C:\Windows\System32\USER32.dll
0x00007ffd12780000 - 0x00007ffd127a2000 	C:\Windows\System32\win32u.dll
0x00007ffd14020000 - 0x00007ffd1404b000 	C:\Windows\System32\GDI32.dll
0x00007ffd12d30000 - 0x00007ffd12e47000 	C:\Windows\System32\gdi32full.dll
0x00007ffd13030000 - 0x00007ffd130cd000 	C:\Windows\System32\msvcp_win.dll
0x00007ffce2af0000 - 0x00007ffce2d8a000 	C:\Windows\WinSxS\amd64_microsoft.windows.common-controls_6595b64144ccf1df_6.0.19041.3636_none_60b6a03d71f818d5\COMCTL32.dll
0x00007ffd13690000 - 0x00007ffd1372e000 	C:\Windows\System32\msvcrt.dll
0x00007ffd13f40000 - 0x00007ffd13f72000 	C:\Windows\System32\IMM32.DLL
0x00007ffd0a000000 - 0x00007ffd0a00c000 	C:\Users\jooyeon\Documents\2024_수업준비\tools\ee\eclipse\plugins\org.eclipse.justj.openjdk.hotspot.jre.full.win32.x86_64_17.0.9.v20231028-0858\jre\bin\vcruntime140_1.dll
0x00007ffcd6a10000 - 0x00007ffcd6a9d000 	C:\Users\jooyeon\Documents\2024_수업준비\tools\ee\eclipse\plugins\org.eclipse.justj.openjdk.hotspot.jre.full.win32.x86_64_17.0.9.v20231028-0858\jre\bin\msvcp140.dll
0x00007ffcb9300000 - 0x00007ffcb9f61000 	C:\Users\jooyeon\Documents\2024_수업준비\tools\ee\eclipse\plugins\org.eclipse.justj.openjdk.hotspot.jre.full.win32.x86_64_17.0.9.v20231028-0858\jre\bin\server\jvm.dll
0x00007ffd132f0000 - 0x00007ffd133a3000 	C:\Windows\System32\ADVAPI32.dll
0x00007ffd13f80000 - 0x00007ffd1401f000 	C:\Windows\System32\sechost.dll
0x00007ffd133b0000 - 0x00007ffd134d6000 	C:\Windows\System32\RPCRT4.dll
0x00007ffd12750000 - 0x00007ffd12777000 	C:\Windows\System32\bcrypt.dll
0x00007ffd00530000 - 0x00007ffd00539000 	C:\Windows\SYSTEM32\WSOCK32.dll
0x00007ffd11cd0000 - 0x00007ffd11d1b000 	C:\Windows\SYSTEM32\POWRPROF.dll
0x00007ffd14330000 - 0x00007ffd1439b000 	C:\Windows\System32\WS2_32.dll
0x00007ffd0fa00000 - 0x00007ffd0fa27000 	C:\Windows\SYSTEM32\WINMM.dll
0x00007ffd03440000 - 0x00007ffd0344a000 	C:\Windows\SYSTEM32\VERSION.dll
0x00007ffd11b40000 - 0x00007ffd11b52000 	C:\Windows\SYSTEM32\UMPDC.dll
0x00007ffd10f50000 - 0x00007ffd10f62000 	C:\Windows\SYSTEM32\kernel.appcore.dll
0x00007ffd099a0000 - 0x00007ffd099aa000 	C:\Users\jooyeon\Documents\2024_수업준비\tools\ee\eclipse\plugins\org.eclipse.justj.openjdk.hotspot.jre.full.win32.x86_64_17.0.9.v20231028-0858\jre\bin\jimage.dll
0x00007ffd10440000 - 0x00007ffd10624000 	C:\Windows\SYSTEM32\DBGHELP.DLL
0x00007ffd0f9c0000 - 0x00007ffd0f9f4000 	C:\Windows\SYSTEM32\dbgcore.DLL
0x00007ffd12fa0000 - 0x00007ffd13022000 	C:\Windows\System32\bcryptPrimitives.dll
0x00007ffcc2fc0000 - 0x00007ffcc2fe5000 	C:\Users\jooyeon\Documents\2024_수업준비\tools\ee\eclipse\plugins\org.eclipse.justj.openjdk.hotspot.jre.full.win32.x86_64_17.0.9.v20231028-0858\jre\bin\java.dll

dbghelp: loaded successfully - version: 4.0.5 - missing functions: none
symbol engine: initialized successfully - sym options: 0x614 - pdb path: .;C:\Users\jooyeon\Documents\2024_수업준비\tools\ee\eclipse\plugins\org.eclipse.justj.openjdk.hotspot.jre.full.win32.x86_64_17.0.9.v20231028-0858\jre\bin;C:\Windows\SYSTEM32;C:\Windows\WinSxS\amd64_microsoft.windows.common-controls_6595b64144ccf1df_6.0.19041.3636_none_60b6a03d71f818d5;C:\Users\jooyeon\Documents\2024_수업준비\tools\ee\eclipse\plugins\org.eclipse.justj.openjdk.hotspot.jre.full.win32.x86_64_17.0.9.v20231028-0858\jre\bi;C:\Users\jooyeon\Documents\2024_수업준비\tools\ee\eclipse\plugins\org.eclipse.justj.openjdk.hotspot.jre.full.win32.x86_64_17.0.9.v20231028-0858\jr

VM Arguments:
jvm_args: -Dfile.encoding=utf-8 -Dstdout.encoding=utf-8 -Dstderr.encoding=utf-8 -XX:+ShowCodeDetailsInExceptionMessages 
java_command: mvc.WrapperClass
java_class_path (initial): C:\Users\jooyeon\Documents\2024_수업준비\소스파일\web_2024\mvcSample\build\classes;C:\Users\jooyeon\Documents\2024_수업준비\tools\apache-tomcat-9.0.86-windows-x64\apache-tomcat-9.0.86\lib\annotations-api.jar;C:\Users\jooyeon\Documents\2024_수업준비\tools\apache-tomcat-9.0.86-windows-x64\apache-tomcat-9.0.86\lib\catalina-ant.jar;C:\Users\jooyeon\Documents\2024_수업준비\tools\apache-tomcat-9.0.86-windows-x64\apache-tomcat-9.0.86\lib\catalina-ha.jar;C:\Users\jooyeon\Documents\2024_수업준비\tools\apache-tomcat-9.0.86-windows-x64\apache-tomcat-9.0.86\lib\catalina-ssi.jar;C:\Users\jooyeon\Documents\2024_수업준비\tools\apache-tomcat-9.0.86-windows-x64\apache-tomcat-9.0.86\lib\catalina-storeconfig.jar;C:\Users\jooyeon\Documents\2024_수업준비\tools\apache-tomcat-9.0.86-windows-x64\apache-tomcat-9.0.86\lib\catalina-tribes.jar;C:\Users\jooyeon\Documents\2024_수업준비\tools\apache-tomcat-9.0.86-windows-x64\apache-tomcat-9.0.86\lib\catalina.jar;C:\Users\jooyeon\Documents\2024_수업준비\tools\apache-tomcat-9.0.86-windows-x64\apache-tomcat-9.0.86\lib\ecj-4.20.jar;C:\Users\jooyeon\Documents\2024_수업준비\tools\apache-tomcat-9.0.86-windows-x64\apache-tomcat-9.0.86\lib\el-api.jar;C:\Users\jooyeon\Documents\2024_수업준비\tools\apache-tomcat-9.0.86-windows-x64\apache-tomcat-9.0.86\lib\jasper-el.jar;C:\Users\jooyeon\Documents\2024_수업준비\tools\apache-tomcat-9.0.86-windows-x64\apache-tomcat-9.0.86\lib\jasper.jar;C:\Users\jooyeon\Documents\2024_수업준비\tools\apache-tomcat-9.0.86-windows-x64\apache-tomcat-9.0.86\lib\jaspic-api.jar;C:\Users\jooyeon\Documents\2024_수업준비\tools\apache-tomcat-9.0.86-windows-x64\apache-tomcat-9.0.86\lib\jsp-api.jar;C:\Users\jooyeon\Documents\2024_수업준비\tools\apache-tomcat-9.0.86-windows-x64\apache-tomcat-9.0.86\lib\servlet-api.jar;C:\Users\jooyeon\Documents\2024_수업준비\tools\apache-tomcat-9.0.86-windows-x64\apache-tomcat-9.0.86\lib\tomcat-api.jar;C:\Users\jooyeon\Documents\2024_수업준비\tools\apache-tomcat-9.0.86-windows-x6
Launcher Type: SUN_STANDARD

[Global flags]
     intx CICompilerCount                          = 4                                         {product} {ergonomic}
     uint ConcGCThreads                            = 2                                         {product} {ergonomic}
     uint G1ConcRefinementThreads                  = 8                                         {product} {ergonomic}
   size_t G1HeapRegionSize                         = 2097152                                   {product} {ergonomic}
    uintx GCDrainStackTargetSize                   = 64                                        {product} {ergonomic}
   size_t InitialHeapSize                          = 266338304                                 {product} {ergonomic}
   size_t MarkStackSize                            = 4194304                                   {product} {ergonomic}
   size_t MaxHeapSize                              = 4242538496                                {product} {ergonomic}
   size_t MinHeapDeltaBytes                        = 2097152                                   {product} {ergonomic}
   size_t MinHeapSize                              = 8388608                                   {product} {ergonomic}
    uintx NonNMethodCodeHeapSize                   = 5839372                                {pd product} {ergonomic}
    uintx NonProfiledCodeHeapSize                  = 122909434                              {pd product} {ergonomic}
    uintx ProfiledCodeHeapSize                     = 122909434                              {pd product} {ergonomic}
    uintx ReservedCodeCacheSize                    = 251658240                              {pd product} {ergonomic}
     bool SegmentedCodeCache                       = true                                      {product} {ergonomic}
     bool ShowCodeDetailsInExceptionMessages       = true                                   {manageable} {command line}
   size_t SoftMaxHeapSize                          = 4242538496                             {manageable} {ergonomic}
     bool UseCompressedClassPointers               = true                           {product lp64_product} {ergonomic}
     bool UseCompressedOops                        = true                           {product lp64_product} {ergonomic}
     bool UseG1GC                                  = true                                      {product} {ergonomic}
     bool UseLargePagesIndividualAllocation        = false                                  {pd product} {ergonomic}

Logging:
Log output configuration:
 #0: stdout all=warning uptime,level,tags
 #1: stderr all=off uptime,level,tags

Environment Variables:
JAVA_HOME=C:\Program Files\Java\jdk-11.0.17
PATH=C:/Users/jooyeon/Documents/2024_수업준비/tools/ee/eclipse//plugins/org.eclipse.justj.openjdk.hotspot.jre.full.win32.x86_64_17.0.9.v20231028-0858/jre/bin/server;C:/Users/jooyeon/Documents/2024_수업준비/tools/ee/eclipse//plugins/org.eclipse.justj.openjdk.hotspot.jre.full.win32.x86_64_17.0.9.v20231028-0858/jre/bin;C:\oracle\WINDOWS.X64_193000_db_home\bin;C:\Program Files\Java\jdk-11.0.17\bin;C:\Windows\system32;C:\Windows;C:\Windows\System32\Wbem;C:\Windows\System32\WindowsPowerShell\v1.0\;C:\Windows\System32\OpenSSH\;C:\Program Files\Git\cmd;C:\Program Files (x86)\Google\Cloud SDK\google-cloud-sdk\bin;C:\Program Files\Docker\Docker\resources\bin;C:\ProgramData\chocolatey\bin;C:\Program Files\nodejs\;C:\Users\jooyeon\AppData\Local\Microsoft\WindowsApps;C:\Users\jooyeon\AppData\Local\Programs\Microsoft VS Code\bin;C:\Users\jooyeon\cloudnative2023;C:\Users\jooyeon\AppData\Roaming\npm;C:\Users\jooyeon\Documents\2024_수업준비\tools\ee\eclipse;
USERNAME=jooyeon
OS=Windows_NT
PROCESSOR_IDENTIFIER=Intel64 Family 6 Model 140 Stepping 1, GenuineIntel
TMP=C:\Users\jooyeon\AppData\Local\Temp
TEMP=C:\Users\jooyeon\AppData\Local\Temp



Periodic native trim disabled


---------------  S Y S T E M  ---------------

OS:
 Windows 10 , 64 bit Build 19041 (10.0.19041.3636)
OS uptime: 1 days 7:04 hours
Hyper-V role detected

CPU: total 8 (initial active 8) (4 cores per cpu, 2 threads per core) family 6 model 140 stepping 1 microcode 0x8a, cx8, cmov, fxsr, ht, mmx, 3dnowpref, sse, sse2, sse3, ssse3, sse4.1, sse4.2, popcnt, lzcnt, tsc, tscinvbit, avx, avx2, aes, erms, clmul, bmi1, bmi2, adx, avx512f, avx512dq, avx512cd, avx512bw, avx512vl, sha, fma, vzeroupper, avx512_vpopcntdq, avx512_vpclmulqdq, avx512_vaes, avx512_vnni, clflush, clflushopt, clwb, avx512_vbmi2, avx512_vbmi, hv
Processor Information for all 8 processors :
  Max Mhz: 2803, Current Mhz: 2803, Mhz Limit: 2803

Memory: 4k page, system-wide physical 16183M (5838M free)
TotalPageFile size 16183M (AvailPageFile size 5M)
current process WorkingSet (physical memory assigned to process): 10M, peak: 10M
current process commit charge ("private bytes"): 318M, peak: 322M

vm_info: OpenJDK 64-Bit Server VM (17.0.9+9) for windows-amd64 JRE (17.0.9+9), built on Oct 26 2023 14:01:42 by "admin" with MS VC++ 16.10 / 16.11 (VS2019)

END.
